[LOG] System::create                           : Header version = 2.02.19. Current version = 2.02.19.
[LOG] Manager::init                            : maxchannels = 256 studioflags = 00000006 flags 00000000 extradriverdata 0000000000000000.
[LOG] SystemI::init                            : Initialize version=20219 (137979), maxchannels=256, flags=0x00020000
[LOG] SystemI::setOutputInternal               : Setting output to 'FMOD WASAPI Output'
[LOG] OutputWASAPI::init                       : Mix Format (WAVEFORMATEX): wFormatTag=0xFFFE, nChannels=2, nSamplesPerSec=48000, nAvgBytesPerSec=384000, nBlockAlign=8, wBitsPerSample=32, cbSize=22.
[LOG] OutputWASAPI::init                       : Mix Format (WAVEFORMATEXTENSIBLE): wValidBitsPerSample=32, dwChannelMask=0x00000003, SubFormat=00000003-0000-0010-8000-00AA00389B71.
[LOG] OutputWASAPI::init                       : Output buffer size: 4096 samples, latency: 0.00ms, period: 10.00ms, DSP buffer: 1024 * 4
[LOG] Thread::initThread                       : Init FMOD stream thread. Affinity: 0x4000000000000003, Priority: 0xFFFF7FFB, Stack Size: 98304, Semaphore: No, Sleep Time: 10, Looping: Yes.
[LOG] Thread::initThread                       : Init FMOD mixer thread. Affinity: 0x4000000000000001, Priority: 0xFFFF7FFA, Stack Size: 81920, Semaphore: No, Sleep Time: 0, Looping: Yes.
[LOG] AsyncManager::init                       : manager 0000018AB4C88E08 isAsync 0 updatePeriod 0.02
[LOG] AsyncManager::init                       : done
[LOG] PlaybackSystem::init                     : 
[LOG] Thread::initThread                       : Init FMOD Studio sample load thread. Affinity: 0x4000000000000003, Priority: 0xFFFF7FFD, Stack Size: 98304, Semaphore: No, Sleep Time: 1, Looping: No.
[LOG] PlaybackSystem::init                     : done
[LOG] Thread::initThread                       : Init FMOD Studio bank load thread. Affinity: 0x4000000000000003, Priority: 0xFFFF7FFD, Stack Size: 98304, Semaphore: No, Sleep Time: 1, Looping: No.
[LOG] Manager::init                            : done.
[LOG] Manager::readBank                        : fileversion = 142, compatVersion = 140 (oldest = 44, newest = 142)
[LOG] Manager::readBank                        : fileversion = 142, compatVersion = 140 (oldest = 44, newest = 142)
[LOG] PlaybackSystem::acquireMasterBus         : Setting master channel group format to 6
[LOG] Manager::readBank                        : fileversion = 142, compatVersion = 140 (oldest = 44, newest = 142)
[LOG] Manager::readBank                        : fileversion = 142, compatVersion = 140 (oldest = 44, newest = 142)
[LOG] Manager::readBank                        : fileversion = 142, compatVersion = 140 (oldest = 44, newest = 142)
[LOG] Manager::readBank                        : fileversion = 142, compatVersion = 140 (oldest = 44, newest = 142)
[LOG] Manager::readBank                        : fileversion = 142, compatVersion = 140 (oldest = 44, newest = 142)
[LOG] Manager::readBank                        : fileversion = 142, compatVersion = 140 (oldest = 44, newest = 142)
[LOG] Manager::readBank                        : fileversion = 142, compatVersion = 140 (oldest = 44, newest = 142)
[LOG] SystemI::createSoundInternal             : Create name='', mode=0x02000202
[LOG] SystemI::createSoundInternal             : exinfo->cbsize             = 224
[LOG] SystemI::createSoundInternal             : exinfo->length             = 764064
[LOG] SystemI::createSoundInternal             : exinfo->fileoffset         = 26528
[LOG] SystemI::createSoundInternal             : exinfo->numsubsounds       = 1
[LOG] SystemI::createSoundInternal             : exinfo->inclusionlist      = 00000014655FF488
[LOG] SystemI::createSoundInternal             : exinfo->inclusionlistnum   = 1
[LOG] SystemI::createSoundInternal             : exinfo->suggestedsoundtype = 5
[LOG] SystemI::createSoundInternal             : exinfo->useropen           = 00007FFC59773F70
[LOG] SystemI::createSoundInternal             : exinfo->userclose          = 00007FFC59773F30
[LOG] SystemI::createSoundInternal             : exinfo->userread           = 00007FFC59774050
[LOG] SystemI::createSoundInternal             : exinfo->userseek           = 00007FFC59774110
[LOG] SystemI::createSoundInternal             : exinfo->fileuserdata       = 00000187A5F4F438
[LOG] SystemI::createSoundInternal             : exinfo->initialseekpostype = 1
[LOG] SystemI::DSPCodecPoolRegister            : register codec pool for pool type 5
[LOG] SystemI::createSoundInternal             : Sample 0/1: name='Pasos_6', format=5, channels=1, frequency=48000, lengthbytes=4064, lengthpcm=22848, pcmblocksize=0, loopstart=0, loopend=0, mode=0x00000000, channelmask=0x00000000, channelorder=0, peakvolume=0.148398.
[LOG] SystemI::createSoundInternal             : Create name='', mode=0x02000202
[LOG] SystemI::createSoundInternal             : exinfo->cbsize             = 224
[LOG] SystemI::createSoundInternal             : exinfo->length             = 764064
[LOG] SystemI::createSoundInternal             : exinfo->fileoffset         = 26528
[LOG] SystemI::createSoundInternal             : exinfo->numsubsounds       = 1
[LOG] SystemI::createSoundInternal             : exinfo->inclusionlist      = 00000014655FF488
[LOG] SystemI::createSoundInternal             : exinfo->inclusionlistnum   = 1
[LOG] SystemI::createSoundInternal             : exinfo->suggestedsoundtype = 5
[LOG] SystemI::createSoundInternal             : exinfo->useropen           = 00007FFC59773F70
[LOG] SystemI::createSoundInternal             : exinfo->userclose          = 00007FFC59773F30
[LOG] SystemI::createSoundInternal             : exinfo->userread           = 00007FFC59774050
[LOG] SystemI::createSoundInternal             : exinfo->userseek           = 00007FFC59774110
[LOG] SystemI::createSoundInternal             : exinfo->fileuserdata       = 00000187A5F4F438
[LOG] SystemI::createSoundInternal             : exinfo->initialseekpostype = 1
[LOG] SystemI::DSPCodecPoolRegister            : register codec pool for pool type 5
[LOG] SystemI::createSoundInternal             : Sample 0/1: name='Pasos_20', format=5, channels=1, frequency=48000, lengthbytes=4640, lengthpcm=23405, pcmblocksize=0, loopstart=0, loopend=0, mode=0x00000000, channelmask=0x00000000, channelorder=0, peakvolume=0.198595.
[LOG] SystemI::createSoundInternal             : Create name='', mode=0x02000202
[LOG] SystemI::createSoundInternal             : exinfo->cbsize             = 224
[LOG] SystemI::createSoundInternal             : exinfo->length             = 764064
[LOG] SystemI::createSoundInternal             : exinfo->fileoffset         = 26528
[LOG] SystemI::createSoundInternal             : exinfo->numsubsounds       = 1
[LOG] SystemI::createSoundInternal             : exinfo->inclusionlist      = 00000014655FF488
[LOG] SystemI::createSoundInternal             : exinfo->inclusionlistnum   = 1
[LOG] SystemI::createSoundInternal             : exinfo->suggestedsoundtype = 5
[LOG] SystemI::createSoundInternal             : exinfo->useropen           = 00007FFC59773F70
[LOG] SystemI::createSoundInternal             : exinfo->userclose          = 00007FFC59773F30
[LOG] SystemI::createSoundInternal             : exinfo->userread           = 00007FFC59774050
[LOG] SystemI::createSoundInternal             : exinfo->userseek           = 00007FFC59774110
[LOG] SystemI::createSoundInternal             : exinfo->fileuserdata       = 00000187A5F4F438
[LOG] SystemI::createSoundInternal             : exinfo->initialseekpostype = 1
[LOG] SystemI::DSPCodecPoolRegister            : register codec pool for pool type 5
[LOG] SystemI::createSoundInternal             : Sample 0/1: name='PPedra3', format=5, channels=1, frequency=48000, lengthbytes=2336, lengthpcm=11776, pcmblocksize=0, loopstart=0, loopend=0, mode=0x00000000, channelmask=0x00000000, channelorder=0, peakvolume=0.240119.
[LOG] SystemI::createSoundInternal             : Create name='', mode=0x02000202
[LOG] SystemI::createSoundInternal             : exinfo->cbsize             = 224
[LOG] SystemI::createSoundInternal             : exinfo->length             = 764064
[LOG] SystemI::createSoundInternal             : exinfo->fileoffset         = 26528
[LOG] SystemI::createSoundInternal             : exinfo->numsubsounds       = 1
[LOG] SystemI::createSoundInternal             : exinfo->inclusionlist      = 00000014655FF488
[LOG] SystemI::createSoundInternal             : exinfo->inclusionlistnum   = 1
[LOG] SystemI::createSoundInternal             : exinfo->suggestedsoundtype = 5
[LOG] SystemI::createSoundInternal             : exinfo->useropen           = 00007FFC59773F70
[LOG] SystemI::createSoundInternal             : exinfo->userclose          = 00007FFC59773F30
[LOG] SystemI::createSoundInternal             : exinfo->userread           = 00007FFC59774050
[LOG] SystemI::createSoundInternal             : exinfo->userseek           = 00007FFC59774110
[LOG] SystemI::createSoundInternal             : exinfo->fileuserdata       = 00000187A5F4F438
[LOG] SystemI::createSoundInternal             : exinfo->initialseekpostype = 1
[LOG] SystemI::DSPCodecPoolRegister            : register codec pool for pool type 5
[LOG] SystemI::createSoundInternal             : Sample 0/1: name='Pasos_1', format=5, channels=1, frequency=48000, lengthbytes=4576, lengthpcm=25634, pcmblocksize=0, loopstart=0, loopend=0, mode=0x00000000, channelmask=0x00000000, channelorder=0, peakvolume=0.123309.
[LOG] SystemI::createSoundInternal             : Create name='', mode=0x02000202
[LOG] SystemI::createSoundInternal             : exinfo->cbsize             = 224
[LOG] SystemI::createSoundInternal             : exinfo->length             = 764064
[LOG] SystemI::createSoundInternal             : exinfo->fileoffset         = 26528
[LOG] SystemI::createSoundInternal             : exinfo->numsubsounds       = 1
[LOG] SystemI::createSoundInternal             : exinfo->inclusionlist      = 00000014655FF488
[LOG] SystemI::createSoundInternal             : exinfo->inclusionlistnum   = 1
[LOG] SystemI::createSoundInternal             : exinfo->suggestedsoundtype = 5
[LOG] SystemI::createSoundInternal             : exinfo->useropen           = 00007FFC59773F70
[LOG] SystemI::createSoundInternal             : exinfo->userclose          = 00007FFC59773F30
[LOG] SystemI::createSoundInternal             : exinfo->userread           = 00007FFC59774050
[LOG] SystemI::createSoundInternal             : exinfo->userseek           = 00007FFC59774110
[LOG] SystemI::createSoundInternal             : exinfo->fileuserdata       = 00000187A5F4F438
[LOG] SystemI::createSoundInternal             : exinfo->initialseekpostype = 1
[LOG] SystemI::DSPCodecPoolRegister            : register codec pool for pool type 5
[LOG] SystemI::createSoundInternal             : Sample 0/1: name='Pasos_17', format=5, channels=1, frequency=48000, lengthbytes=4096, lengthpcm=19644, pcmblocksize=0, loopstart=0, loopend=0, mode=0x00000000, channelmask=0x00000000, channelorder=0, peakvolume=0.220124.
[LOG] SystemI::createSoundInternal             : Create name='', mode=0x02000202
[LOG] SystemI::createSoundInternal             : exinfo->cbsize             = 224
[LOG] SystemI::createSoundInternal             : exinfo->length             = 764064
[LOG] SystemI::createSoundInternal             : exinfo->fileoffset         = 26528
[LOG] SystemI::createSoundInternal             : exinfo->numsubsounds       = 1
[LOG] SystemI::createSoundInternal             : exinfo->inclusionlist      = 00000014655FF488
[LOG] SystemI::createSoundInternal             : exinfo->inclusionlistnum   = 1
[LOG] SystemI::createSoundInternal             : exinfo->suggestedsoundtype = 5
[LOG] SystemI::createSoundInternal             : exinfo->useropen           = 00007FFC59773F70
[LOG] SystemI::createSoundInternal             : exinfo->userclose          = 00007FFC59773F30
[LOG] SystemI::createSoundInternal             : exinfo->userread           = 00007FFC59774050
[LOG] SystemI::createSoundInternal             : exinfo->userseek           = 00007FFC59774110
[LOG] SystemI::createSoundInternal             : exinfo->fileuserdata       = 00000187A5F4F438
[LOG] SystemI::createSoundInternal             : exinfo->initialseekpostype = 1
[LOG] SystemI::DSPCodecPoolRegister            : register codec pool for pool type 5
[LOG] SystemI::createSoundInternal             : Sample 0/1: name='WaterFootsteps1', format=5, channels=1, frequency=48000, lengthbytes=7488, lengthpcm=33600, pcmblocksize=0, loopstart=0, loopend=0, mode=0x00000000, channelmask=0x00000000, channelorder=0, peakvolume=0.939178.
[LOG] SystemI::createSoundInternal             : Create name='', mode=0x02000202
[LOG] SystemI::createSoundInternal             : exinfo->cbsize             = 224
[LOG] SystemI::createSoundInternal             : exinfo->length             = 764064
[LOG] SystemI::createSoundInternal             : exinfo->fileoffset         = 26528
[LOG] SystemI::createSoundInternal             : exinfo->numsubsounds       = 1
[LOG] SystemI::createSoundInternal             : exinfo->inclusionlist      = 00000014655FF488
[LOG] SystemI::createSoundInternal             : exinfo->inclusionlistnum   = 1
[LOG] SystemI::createSoundInternal             : exinfo->suggestedsoundtype = 5
[LOG] SystemI::createSoundInternal             : exinfo->useropen           = 00007FFC59773F70
[LOG] SystemI::createSoundInternal             : exinfo->userclose          = 00007FFC59773F30
[LOG] SystemI::createSoundInternal             : exinfo->userread           = 00007FFC59774050
[LOG] SystemI::createSoundInternal             : exinfo->userseek           = 00007FFC59774110
[LOG] SystemI::createSoundInternal             : exinfo->fileuserdata       = 00000187A5F4F438
[LOG] SystemI::createSoundInternal             : exinfo->initialseekpostype = 1
[LOG] SystemI::DSPCodecPoolRegister            : register codec pool for pool type 5
[LOG] SystemI::createSoundInternal             : Sample 0/1: name='WaterFootsteps2', format=5, channels=1, frequency=48000, lengthbytes=9760, lengthpcm=52799, pcmblocksize=0, loopstart=0, loopend=0, mode=0x00000000, channelmask=0x00000000, channelorder=0, peakvolume=0.354614.
[LOG] SystemI::createSoundInternal             : Create name='', mode=0x02000202
[LOG] SystemI::createSoundInternal             : exinfo->cbsize             = 224
[LOG] SystemI::createSoundInternal             : exinfo->length             = 764064
[LOG] SystemI::createSoundInternal             : exinfo->fileoffset         = 26528
[LOG] SystemI::createSoundInternal             : exinfo->numsubsounds       = 1
[LOG] SystemI::createSoundInternal             : exinfo->inclusionlist      = 00000014655FF488
[LOG] SystemI::createSoundInternal             : exinfo->inclusionlistnum   = 1
[LOG] SystemI::createSoundInternal             : exinfo->suggestedsoundtype = 5
[LOG] SystemI::createSoundInternal             : exinfo->useropen           = 00007FFC59773F70
[LOG] SystemI::createSoundInternal             : exinfo->userclose          = 00007FFC59773F30
[LOG] SystemI::createSoundInternal             : exinfo->userread           = 00007FFC59774050
[LOG] SystemI::createSoundInternal             : exinfo->userseek           = 00007FFC59774110
[LOG] SystemI::createSoundInternal             : exinfo->fileuserdata       = 00000187A5F4F438
[LOG] SystemI::createSoundInternal             : exinfo->initialseekpostype = 1
[LOG] SystemI::DSPCodecPoolRegister            : register codec pool for pool type 5
[LOG] SystemI::createSoundInternal             : Sample 0/1: name='PPedra5', format=5, channels=1, frequency=48000, lengthbytes=2656, lengthpcm=11776, pcmblocksize=0, loopstart=0, loopend=0, mode=0x00000000, channelmask=0x00000000, channelorder=0, peakvolume=0.287394.
[LOG] SystemI::createSoundInternal             : Create name='', mode=0x02000202
[LOG] SystemI::createSoundInternal             : exinfo->cbsize             = 224
[LOG] SystemI::createSoundInternal             : exinfo->length             = 764064
[LOG] SystemI::createSoundInternal             : exinfo->fileoffset         = 26528
[LOG] SystemI::createSoundInternal             : exinfo->numsubsounds       = 1
[LOG] SystemI::createSoundInternal             : exinfo->inclusionlist      = 00000014655FF488
[LOG] SystemI::createSoundInternal             : exinfo->inclusionlistnum   = 1
[LOG] SystemI::createSoundInternal             : exinfo->suggestedsoundtype = 5
[LOG] SystemI::createSoundInternal             : exinfo->useropen           = 00007FFC59773F70
[LOG] SystemI::createSoundInternal             : exinfo->userclose          = 00007FFC59773F30
[LOG] SystemI::createSoundInternal             : exinfo->userread           = 00007FFC59774050
[LOG] SystemI::createSoundInternal             : exinfo->userseek           = 00007FFC59774110
[LOG] SystemI::createSoundInternal             : exinfo->fileuserdata       = 00000187A5F4F438
[LOG] SystemI::createSoundInternal             : exinfo->initialseekpostype = 1
[LOG] SystemI::DSPCodecPoolRegister            : register codec pool for pool type 5
[LOG] SystemI::createSoundInternal             : Sample 0/1: name='PPedra1', format=5, channels=1, frequency=48000, lengthbytes=2336, lengthpcm=12288, pcmblocksize=0, loopstart=0, loopend=0, mode=0x00000000, channelmask=0x00000000, channelorder=0, peakvolume=0.312628.
[LOG] SystemI::createSoundInternal             : Create name='', mode=0x02000202
[LOG] SystemI::createSoundInternal             : exinfo->cbsize             = 224
[LOG] SystemI::createSoundInternal             : exinfo->length             = 764064
[LOG] SystemI::createSoundInternal             : exinfo->fileoffset         = 26528
[LOG] SystemI::createSoundInternal             : exinfo->numsubsounds       = 1
[LOG] SystemI::createSoundInternal             : exinfo->inclusionlist      = 00000014655FF488
[LOG] SystemI::createSoundInternal             : exinfo->inclusionlistnum   = 1
[LOG] SystemI::createSoundInternal             : exinfo->suggestedsoundtype = 5
[LOG] SystemI::createSoundInternal             : exinfo->useropen           = 00007FFC59773F70
[LOG] SystemI::createSoundInternal             : exinfo->userclose          = 00007FFC59773F30
[LOG] SystemI::createSoundInternal             : exinfo->userread           = 00007FFC59774050
[LOG] SystemI::createSoundInternal             : exinfo->userseek           = 00007FFC59774110
[LOG] SystemI::createSoundInternal             : exinfo->fileuserdata       = 00000187A5F4F438
[LOG] SystemI::createSoundInternal             : exinfo->initialseekpostype = 1
[LOG] SystemI::DSPCodecPoolRegister            : register codec pool for pool type 5
[LOG] SystemI::createSoundInternal             : Sample 0/1: name='Pasos_14', format=5, channels=1, frequency=48000, lengthbytes=5120, lengthpcm=24798, pcmblocksize=0, loopstart=0, loopend=0, mode=0x00000000, channelmask=0x00000000, channelorder=0, peakvolume=0.284282.
[LOG] SystemI::createSoundInternal             : Create name='', mode=0x02000202
[LOG] SystemI::createSoundInternal             : exinfo->cbsize             = 224
[LOG] SystemI::createSoundInternal             : exinfo->length             = 764064
[LOG] SystemI::createSoundInternal             : exinfo->fileoffset         = 26528
[LOG] SystemI::createSoundInternal             : exinfo->numsubsounds       = 1
[LOG] SystemI::createSoundInternal             : exinfo->inclusionlist      = 00000014655FF488
[LOG] SystemI::createSoundInternal             : exinfo->inclusionlistnum   = 1
[LOG] SystemI::createSoundInternal             : exinfo->suggestedsoundtype = 5
[LOG] SystemI::createSoundInternal             : exinfo->useropen           = 00007FFC59773F70
[LOG] SystemI::createSoundInternal             : exinfo->userclose          = 00007FFC59773F30
[LOG] SystemI::createSoundInternal             : exinfo->userread           = 00007FFC59774050
[LOG] SystemI::createSoundInternal             : exinfo->userseek           = 00007FFC59774110
[LOG] SystemI::createSoundInternal             : exinfo->fileuserdata       = 00000187A5F4F438
[LOG] SystemI::createSoundInternal             : exinfo->initialseekpostype = 1
[LOG] SystemI::DSPCodecPoolRegister            : register codec pool for pool type 5
[LOG] SystemI::createSoundInternal             : Sample 0/1: name='Pasos_5', format=5, channels=1, frequency=48000, lengthbytes=4672, lengthpcm=27306, pcmblocksize=0, loopstart=0, loopend=0, mode=0x00000000, channelmask=0x00000000, channelorder=0, peakvolume=0.129170.
[LOG] SystemI::createSoundInternal             : Create name='', mode=0x02000202
[LOG] SystemI::createSoundInternal             : exinfo->cbsize             = 224
[LOG] SystemI::createSoundInternal             : exinfo->length             = 764064
[LOG] SystemI::createSoundInternal             : exinfo->fileoffset         = 26528
[LOG] SystemI::createSoundInternal             : exinfo->numsubsounds       = 1
[LOG] SystemI::createSoundInternal             : exinfo->inclusionlist      = 00000014655FF488
[LOG] SystemI::createSoundInternal             : exinfo->inclusionlistnum   = 1
[LOG] SystemI::createSoundInternal             : exinfo->suggestedsoundtype = 5
[LOG] SystemI::createSoundInternal             : exinfo->useropen           = 00007FFC59773F70
[LOG] SystemI::createSoundInternal             : exinfo->userclose          = 00007FFC59773F30
[LOG] SystemI::createSoundInternal             : exinfo->userread           = 00007FFC59774050
[LOG] SystemI::createSoundInternal             : exinfo->userseek           = 00007FFC59774110
[LOG] SystemI::createSoundInternal             : exinfo->fileuserdata       = 00000187A5F4F438
[LOG] SystemI::createSoundInternal             : exinfo->initialseekpostype = 1
[LOG] SystemI::DSPCodecPoolRegister            : register codec pool for pool type 5
[LOG] SystemI::createSoundInternal             : Sample 0/1: name='Pasos_21', format=5, channels=1, frequency=48000, lengthbytes=4128, lengthpcm=20549, pcmblocksize=0, loopstart=0, loopend=0, mode=0x00000000, channelmask=0x00000000, channelorder=0, peakvolume=0.207480.
[LOG] SystemI::createSoundInternal             : Create name='', mode=0x02000202
[LOG] SystemI::createSoundInternal             : exinfo->cbsize             = 224
[LOG] SystemI::createSoundInternal             : exinfo->length             = 764064
[LOG] SystemI::createSoundInternal             : exinfo->fileoffset         = 26528
[LOG] SystemI::createSoundInternal             : exinfo->numsubsounds       = 1
[LOG] SystemI::createSoundInternal             : exinfo->inclusionlist      = 00000014655FF488
[LOG] SystemI::createSoundInternal             : exinfo->inclusionlistnum   = 1
[LOG] SystemI::createSoundInternal             : exinfo->suggestedsoundtype = 5
[LOG] SystemI::createSoundInternal             : exinfo->useropen           = 00007FFC59773F70
[LOG] SystemI::createSoundInternal             : exinfo->userclose          = 00007FFC59773F30
[LOG] SystemI::createSoundInternal             : exinfo->userread           = 00007FFC59774050
[LOG] SystemI::createSoundInternal             : exinfo->userseek           = 00007FFC59774110
[LOG] SystemI::createSoundInternal             : exinfo->fileuserdata       = 00000187A5F4F438
[LOG] SystemI::createSoundInternal             : exinfo->initialseekpostype = 1
[LOG] SystemI::DSPCodecPoolRegister            : register codec pool for pool type 5
[LOG] SystemI::createSoundInternal             : Sample 0/1: name='PPedra2', format=5, channels=1, frequency=48000, lengthbytes=3552, lengthpcm=18432, pcmblocksize=0, loopstart=0, loopend=0, mode=0x00000000, channelmask=0x00000000, channelorder=0, peakvolume=0.634424.
[LOG] SystemI::createSoundInternal             : Create name='', mode=0x02000202
[LOG] SystemI::createSoundInternal             : exinfo->cbsize             = 224
[LOG] SystemI::createSoundInternal             : exinfo->length             = 764064
[LOG] SystemI::createSoundInternal             : exinfo->fileoffset         = 26528
[LOG] SystemI::createSoundInternal             : exinfo->numsubsounds       = 1
[LOG] SystemI::createSoundInternal             : exinfo->inclusionlist      = 00000014655FF488
[LOG] SystemI::createSoundInternal             : exinfo->inclusionlistnum   = 1
[LOG] SystemI::createSoundInternal             : exinfo->suggestedsoundtype = 5
[LOG] SystemI::createSoundInternal             : exinfo->useropen           = 00007FFC59773F70
[LOG] SystemI::createSoundInternal             : exinfo->userclose          = 00007FFC59773F30
[LOG] SystemI::createSoundInternal             : exinfo->userread           = 00007FFC59774050
[LOG] SystemI::createSoundInternal             : exinfo->userseek           = 00007FFC59774110
[LOG] SystemI::createSoundInternal             : exinfo->fileuserdata       = 00000187A5F4F438
[LOG] SystemI::createSoundInternal             : exinfo->initialseekpostype = 1
[LOG] SystemI::DSPCodecPoolRegister            : register codec pool for pool type 5
[LOG] SystemI::createSoundInternal             : Sample 0/1: name='Pasos_15', format=5, channels=1, frequency=48000, lengthbytes=6432, lengthpcm=30650, pcmblocksize=0, loopstart=0, loopend=0, mode=0x00000000, channelmask=0x00000000, channelorder=0, peakvolume=0.223700.
[LOG] SystemI::createSoundInternal             : Create name='', mode=0x02000202
[LOG] SystemI::createSoundInternal             : exinfo->cbsize             = 224
[LOG] SystemI::createSoundInternal             : exinfo->length             = 764064
[LOG] SystemI::createSoundInternal             : exinfo->fileoffset         = 26528
[LOG] SystemI::createSoundInternal             : exinfo->numsubsounds       = 1
[LOG] SystemI::createSoundInternal             : exinfo->inclusionlist      = 00000014655FF488
[LOG] SystemI::createSoundInternal             : exinfo->inclusionlistnum   = 1
[LOG] SystemI::createSoundInternal             : exinfo->suggestedsoundtype = 5
[LOG] SystemI::createSoundInternal             : exinfo->useropen           = 00007FFC59773F70
[LOG] SystemI::createSoundInternal             : exinfo->userclose          = 00007FFC59773F30
[LOG] SystemI::createSoundInternal             : exinfo->userread           = 00007FFC59774050
[LOG] SystemI::createSoundInternal             : exinfo->userseek           = 00007FFC59774110
[LOG] SystemI::createSoundInternal             : exinfo->fileuserdata       = 00000187A5F4F438
[LOG] SystemI::createSoundInternal             : exinfo->initialseekpostype = 1
[LOG] SystemI::DSPCodecPoolRegister            : register codec pool for pool type 5
[LOG] SystemI::createSoundInternal             : Sample 0/1: name='Pasos_16', format=5, channels=1, frequency=48000, lengthbytes=4896, lengthpcm=22709, pcmblocksize=0, loopstart=0, loopend=0, mode=0x00000000, channelmask=0x00000000, channelorder=0, peakvolume=0.368020.
[LOG] SystemI::createSoundInternal             : Create name='', mode=0x02000202
[LOG] SystemI::createSoundInternal             : exinfo->cbsize             = 224
[LOG] SystemI::createSoundInternal             : exinfo->length             = 764064
[LOG] SystemI::createSoundInternal             : exinfo->fileoffset         = 26528
[LOG] SystemI::createSoundInternal             : exinfo->numsubsounds       = 1
[LOG] SystemI::createSoundInternal             : exinfo->inclusionlist      = 00000014655FF488
[LOG] SystemI::createSoundInternal             : exinfo->inclusionlistnum   = 1
[LOG] SystemI::createSoundInternal             : exinfo->suggestedsoundtype = 5
[LOG] SystemI::createSoundInternal             : exinfo->useropen           = 00007FFC59773F70
[LOG] SystemI::createSoundInternal             : exinfo->userclose          = 00007FFC59773F30
[LOG] SystemI::createSoundInternal             : exinfo->userread           = 00007FFC59774050
[LOG] SystemI::createSoundInternal             : exinfo->userseek           = 00007FFC59774110
[LOG] SystemI::createSoundInternal             : exinfo->fileuserdata       = 00000187A5F4F438
[LOG] SystemI::createSoundInternal             : exinfo->initialseekpostype = 1
[LOG] SystemI::DSPCodecPoolRegister            : register codec pool for pool type 5
[LOG] SystemI::createSoundInternal             : Sample 0/1: name='WaterFootsteps3', format=5, channels=1, frequency=48000, lengthbytes=7104, lengthpcm=38399, pcmblocksize=0, loopstart=0, loopend=0, mode=0x00000000, channelmask=0x00000000, channelorder=0, peakvolume=0.300385.
[LOG] SystemI::createSoundInternal             : Create name='', mode=0x02000202
[LOG] SystemI::createSoundInternal             : exinfo->cbsize             = 224
[LOG] SystemI::createSoundInternal             : exinfo->length             = 764064
[LOG] SystemI::createSoundInternal             : exinfo->fileoffset         = 26528
[LOG] SystemI::createSoundInternal             : exinfo->numsubsounds       = 1
[LOG] SystemI::createSoundInternal             : exinfo->inclusionlist      = 00000014655FF488
[LOG] SystemI::createSoundInternal             : exinfo->inclusionlistnum   = 1
[LOG] SystemI::createSoundInternal             : exinfo->suggestedsoundtype = 5
[LOG] SystemI::createSoundInternal             : exinfo->useropen           = 00007FFC59773F70
[LOG] SystemI::createSoundInternal             : exinfo->userclose          = 00007FFC59773F30
[LOG] SystemI::createSoundInternal             : exinfo->userread           = 00007FFC59774050
[LOG] SystemI::createSoundInternal             : exinfo->userseek           = 00007FFC59774110
[LOG] SystemI::createSoundInternal             : exinfo->fileuserdata       = 00000187A5F4F438
[LOG] SystemI::createSoundInternal             : exinfo->initialseekpostype = 1
[LOG] SystemI::DSPCodecPoolRegister            : register codec pool for pool type 5
[LOG] SystemI::createSoundInternal             : Sample 0/1: name='PPedra4', format=5, channels=1, frequency=48000, lengthbytes=2592, lengthpcm=14080, pcmblocksize=0, loopstart=0, loopend=0, mode=0x00000000, channelmask=0x00000000, channelorder=0, peakvolume=0.860604.
[LOG] SystemI::createSoundInternal             : Create name='', mode=0x02000202
[LOG] SystemI::createSoundInternal             : exinfo->cbsize             = 224
[LOG] SystemI::createSoundInternal             : exinfo->length             = 764064
[LOG] SystemI::createSoundInternal             : exinfo->fileoffset         = 26528
[LOG] SystemI::createSoundInternal             : exinfo->numsubsounds       = 1
[LOG] SystemI::createSoundInternal             : exinfo->inclusionlist      = 00000014655FF488
[LOG] SystemI::createSoundInternal             : exinfo->inclusionlistnum   = 1
[LOG] SystemI::createSoundInternal             : exinfo->suggestedsoundtype = 5
[LOG] SystemI::createSoundInternal             : exinfo->useropen           = 00007FFC59773F70
[LOG] SystemI::createSoundInternal             : exinfo->userclose          = 00007FFC59773F30
[LOG] SystemI::createSoundInternal             : exinfo->userread           = 00007FFC59774050
[LOG] SystemI::createSoundInternal             : exinfo->userseek           = 00007FFC59774110
[LOG] SystemI::createSoundInternal             : exinfo->fileuserdata       = 00000187A5F4F438
[LOG] SystemI::createSoundInternal             : exinfo->initialseekpostype = 1
[LOG] SystemI::DSPCodecPoolRegister            : register codec pool for pool type 5
[LOG] SystemI::createSoundInternal             : Sample 0/1: name='Pasos_18', format=5, channels=1, frequency=48000, lengthbytes=4576, lengthpcm=22848, pcmblocksize=0, loopstart=0, loopend=0, mode=0x00000000, channelmask=0x00000000, channelorder=0, peakvolume=0.293407.
[LOG] SystemI::createSoundInternal             : Create name='', mode=0x02000202
[LOG] SystemI::createSoundInternal             : exinfo->cbsize             = 224
[LOG] SystemI::createSoundInternal             : exinfo->length             = 764064
[LOG] SystemI::createSoundInternal             : exinfo->fileoffset         = 26528
[LOG] SystemI::createSoundInternal             : exinfo->numsubsounds       = 1
[LOG] SystemI::createSoundInternal             : exinfo->inclusionlist      = 00000014655FF488
[LOG] SystemI::createSoundInternal             : exinfo->inclusionlistnum   = 1
[LOG] SystemI::createSoundInternal             : exinfo->suggestedsoundtype = 5
[LOG] SystemI::createSoundInternal             : exinfo->useropen           = 00007FFC59773F70
[LOG] SystemI::createSoundInternal             : exinfo->userclose          = 00007FFC59773F30
[LOG] SystemI::createSoundInternal             : exinfo->userread           = 00007FFC59774050
[LOG] SystemI::createSoundInternal             : exinfo->userseek           = 00007FFC59774110
[LOG] SystemI::createSoundInternal             : exinfo->fileuserdata       = 00000187A5F4F438
[LOG] SystemI::createSoundInternal             : exinfo->initialseekpostype = 1
[LOG] SystemI::DSPCodecPoolRegister            : register codec pool for pool type 5
[LOG] SystemI::createSoundInternal             : Sample 0/1: name='Pasos_19', format=5, channels=1, frequency=48000, lengthbytes=4672, lengthpcm=22848, pcmblocksize=0, loopstart=0, loopend=0, mode=0x00000000, channelmask=0x00000000, channelorder=0, peakvolume=0.220895.
[LOG] SystemI::createSoundInternal             : Create name='', mode=0x02000202
[LOG] SystemI::createSoundInternal             : exinfo->cbsize             = 224
[LOG] SystemI::createSoundInternal             : exinfo->length             = 764064
[LOG] SystemI::createSoundInternal             : exinfo->fileoffset         = 26528
[LOG] SystemI::createSoundInternal             : exinfo->numsubsounds       = 1
[LOG] SystemI::createSoundInternal             : exinfo->inclusionlist      = 00000014655FF488
[LOG] SystemI::createSoundInternal             : exinfo->inclusionlistnum   = 1
[LOG] SystemI::createSoundInternal             : exinfo->suggestedsoundtype = 5
[LOG] SystemI::createSoundInternal             : exinfo->useropen           = 00007FFC59773F70
[LOG] SystemI::createSoundInternal             : exinfo->userclose          = 00007FFC59773F30
[LOG] SystemI::createSoundInternal             : exinfo->userread           = 00007FFC59774050
[LOG] SystemI::createSoundInternal             : exinfo->userseek           = 00007FFC59774110
[LOG] SystemI::createSoundInternal             : exinfo->fileuserdata       = 00000187A5F4F438
[LOG] SystemI::createSoundInternal             : exinfo->initialseekpostype = 1
[LOG] SystemI::DSPCodecPoolRegister            : register codec pool for pool type 5
[LOG] SystemI::createSoundInternal             : Sample 0/1: name='Pasos_4', format=5, channels=1, frequency=48000, lengthbytes=3616, lengthpcm=20619, pcmblocksize=0, loopstart=0, loopend=0, mode=0x00000000, channelmask=0x00000000, channelorder=0, peakvolume=0.139003.
[LOG] SystemI::createSoundInternal             : Create name='', mode=0x02000202
[LOG] SystemI::createSoundInternal             : exinfo->cbsize             = 224
[LOG] SystemI::createSoundInternal             : exinfo->length             = 764064
[LOG] SystemI::createSoundInternal             : exinfo->fileoffset         = 26528
[LOG] SystemI::createSoundInternal             : exinfo->numsubsounds       = 1
[LOG] SystemI::createSoundInternal             : exinfo->inclusionlist      = 00000014655FF488
[LOG] SystemI::createSoundInternal             : exinfo->inclusionlistnum   = 1
[LOG] SystemI::createSoundInternal             : exinfo->suggestedsoundtype = 5
[LOG] SystemI::createSoundInternal             : exinfo->useropen           = 00007FFC59773F70
[LOG] SystemI::createSoundInternal             : exinfo->userclose          = 00007FFC59773F30
[LOG] SystemI::createSoundInternal             : exinfo->userread           = 00007FFC59774050
[LOG] SystemI::createSoundInternal             : exinfo->userseek           = 00007FFC59774110
[LOG] SystemI::createSoundInternal             : exinfo->fileuserdata       = 00000187A5F4F438
[LOG] SystemI::createSoundInternal             : exinfo->initialseekpostype = 1
[LOG] SystemI::DSPCodecPoolRegister            : register codec pool for pool type 5
[LOG] SystemI::createSoundInternal             : Sample 0/1: name='WaterFootsteps4', format=5, channels=1, frequency=48000, lengthbytes=11072, lengthpcm=52799, pcmblocksize=0, loopstart=0, loopend=0, mode=0x00000000, channelmask=0x00000000, channelorder=0, peakvolume=0.687469.
[LOG] SystemI::createSoundInternal             : Create name='', mode=0x02000202
[LOG] SystemI::createSoundInternal             : exinfo->cbsize             = 224
[LOG] SystemI::createSoundInternal             : exinfo->length             = 764064
[LOG] SystemI::createSoundInternal             : exinfo->fileoffset         = 26528
[LOG] SystemI::createSoundInternal             : exinfo->numsubsounds       = 1
[LOG] SystemI::createSoundInternal             : exinfo->inclusionlist      = 00000014655FF488
[LOG] SystemI::createSoundInternal             : exinfo->inclusionlistnum   = 1
[LOG] SystemI::createSoundInternal             : exinfo->suggestedsoundtype = 5
[LOG] SystemI::createSoundInternal             : exinfo->useropen           = 00007FFC59773F70
[LOG] SystemI::createSoundInternal             : exinfo->userclose          = 00007FFC59773F30
[LOG] SystemI::createSoundInternal             : exinfo->userread           = 00007FFC59774050
[LOG] SystemI::createSoundInternal             : exinfo->userseek           = 00007FFC59774110
[LOG] SystemI::createSoundInternal             : exinfo->fileuserdata       = 00000187A5F4F438
[LOG] SystemI::createSoundInternal             : exinfo->initialseekpostype = 1
[LOG] SystemI::DSPCodecPoolRegister            : register codec pool for pool type 5
[LOG] SystemI::createSoundInternal             : Sample 0/1: name='Pasos', format=5, channels=1, frequency=48000, lengthbytes=4544, lengthpcm=25634, pcmblocksize=0, loopstart=0, loopend=0, mode=0x00000000, channelmask=0x00000000, channelorder=0, peakvolume=0.118975.
[LOG] SystemI::createSound                     : filename = Assets/_Project/Fizzle'sTale_Fmod/Build/Desktop/Player.bank : mode 02010082
[LOG] SystemI::createSound                     : FMOD_NONBLOCKING specified.  Putting into queue to be opened asynchronously!
[LOG] Thread::initThread                       : Init FMOD nonblocking thread (0). Affinity: 0x4000000000000003, Priority: 0xFFFF7FFC, Stack Size: 114688, Semaphore: Yes, Sleep Time: 0, Looping: Yes.
[LOG] AsyncThread::add                         : add sound to async queue : soundi = 0000018AFBB889A8, queue head = 0000018AFB7ED568, queue count = 0
[LOG] AsyncThread::threadFunc                  : Starting Asynchronous operation on sound 0000018AFBB889A8
[LOG] SystemI::createSoundInternal             :     Create name='Assets/_Project/Fizzle'sTale_Fmod/Build/Desktop/Player.bank', mode=0x02010082
[LOG] SystemI::createSoundInternal             :     exinfo->cbsize             = 224
[LOG] SystemI::createSoundInternal             :     exinfo->length             = 764064
[LOG] SystemI::createSoundInternal             :     exinfo->fileoffset         = 26528
[LOG] SystemI::createSoundInternal             :     exinfo->numsubsounds       = 1
[LOG] SystemI::createSoundInternal             :     exinfo->inclusionlist      = 00000189CA878290
[LOG] SystemI::createSoundInternal             :     exinfo->inclusionlistnum   = 1
[LOG] SystemI::createSoundInternal             :     exinfo->suggestedsoundtype = 5
[LOG] SystemI::createSoundInternal             :     exinfo->initialseekpostype = 1
[LOG] SystemI::createSoundInternal             :     Stream 0/1: name='WaterFootstepsAll', format=5, channels=1, frequency=48000, lengthbytes=243360, lengthpcm=1229280, pcmblocksize=0, loopstart=0, loopend=0, mode=0x00000000, channelmask=0x00000000, channelorder=0, peakvolume=0.939178.
[LOG] Thread::initThread                       :     Init FMOD file thread. Affinity: 0x4000000000000003, Priority: 0xFFFF7FFC, Stack Size: 65536, Semaphore: No, Sleep Time: 10, Looping: Yes.
[LOG] AsyncThread::threadFunc                  : Finished Asynchronous operation on sound 0000018AFBB889A8
[LOG] SoundI::release                          : WaterFootstepsAll (0000018AFBB889A8)
[LOG] SoundI::release                          :     WaterFootstepsAll (00000189A2188658)
[LOG] SoundI::release                          :     WaterFootstepsAll (0000018AFBB8B3D8)
[LOG] SystemI::createSound                     : filename = Assets/_Project/Fizzle'sTale_Fmod/Build/Desktop/Player.bank : mode 02010082
[LOG] SystemI::createSound                     : FMOD_NONBLOCKING specified.  Putting into queue to be opened asynchronously!
[LOG] AsyncThread::add                         : add sound to async queue : soundi = 0000018AFBB8E678, queue head = 0000018AFB7ED568, queue count = 0
[LOG] AsyncThread::threadFunc                  : Starting Asynchronous operation on sound 0000018AFBB8E678
[LOG] SystemI::createSoundInternal             :     Create name='Assets/_Project/Fizzle'sTale_Fmod/Build/Desktop/Player.bank', mode=0x02010082
[LOG] SystemI::createSoundInternal             :     exinfo->cbsize             = 224
[LOG] SystemI::createSoundInternal             :     exinfo->length             = 764064
[LOG] SystemI::createSoundInternal             :     exinfo->fileoffset         = 26528
[LOG] SystemI::createSoundInternal             :     exinfo->numsubsounds       = 1
[LOG] SystemI::createSoundInternal             :     exinfo->inclusionlist      = 00000189CA879190
[LOG] SystemI::createSoundInternal             :     exinfo->inclusionlistnum   = 1
[LOG] SystemI::createSoundInternal             :     exinfo->suggestedsoundtype = 5
[LOG] SystemI::createSoundInternal             :     exinfo->initialseekpostype = 1
[LOG] SystemI::createSoundInternal             :     Stream 0/1: name='WaterFootstepsAll', format=5, channels=1, frequency=48000, lengthbytes=243360, lengthpcm=1229280, pcmblocksize=0, loopstart=0, loopend=0, mode=0x00000000, channelmask=0x00000000, channelorder=0, peakvolume=0.939178.
[LOG] AsyncThread::threadFunc                  : Finished Asynchronous operation on sound 0000018AFBB8E678
[LOG] SoundI::release                          : WaterFootstepsAll (0000018AFBB8E678)
[LOG] SoundI::release                          :     WaterFootstepsAll (00000189A2188658)
[LOG] SoundI::release                          :     WaterFootstepsAll (0000018AFBB8EEE8)
[LOG] SystemI::createSound                     : filename = Assets/_Project/Fizzle'sTale_Fmod/Build/Desktop/Player.bank : mode 02010082
[LOG] SystemI::createSound                     : FMOD_NONBLOCKING specified.  Putting into queue to be opened asynchronously!
[LOG] AsyncThread::add                         : add sound to async queue : soundi = 0000018AFBB8CD28, queue head = 0000018AFB7ED568, queue count = 0
[LOG] AsyncThread::threadFunc                  : Starting Asynchronous operation on sound 0000018AFBB8CD28
[LOG] SystemI::createSoundInternal             :     Create name='Assets/_Project/Fizzle'sTale_Fmod/Build/Desktop/Player.bank', mode=0x02010082
[LOG] SystemI::createSoundInternal             :     exinfo->cbsize             = 224
[LOG] SystemI::createSoundInternal             :     exinfo->length             = 764064
[LOG] SystemI::createSoundInternal             :     exinfo->fileoffset         = 26528
[LOG] SystemI::createSoundInternal             :     exinfo->numsubsounds       = 1
[LOG] SystemI::createSoundInternal             :     exinfo->inclusionlist      = 00000189CA8779D0
[LOG] SystemI::createSoundInternal             :     exinfo->inclusionlistnum   = 1
[LOG] SystemI::createSoundInternal             :     exinfo->suggestedsoundtype = 5
[LOG] SystemI::createSoundInternal             :     exinfo->initialseekpostype = 1
[LOG] SystemI::createSoundInternal             :     Stream 0/1: name='WaterFootstepsAll', format=5, channels=1, frequency=48000, lengthbytes=243360, lengthpcm=1229280, pcmblocksize=0, loopstart=0, loopend=0, mode=0x00000000, channelmask=0x00000000, channelorder=0, peakvolume=0.939178.
[LOG] AsyncThread::threadFunc                  : Finished Asynchronous operation on sound 0000018AFBB8CD28
[LOG] SoundI::release                          : WaterFootstepsAll (0000018AFBB8CD28)
[LOG] SoundI::release                          :     WaterFootstepsAll (00000189A2188318)
[LOG] SoundI::release                          :     WaterFootstepsAll (0000018AFBB8F3F8)
[LOG] SoundI::release                          :  (00000189C88AFC58)
[LOG] SoundI::release                          :     Pasos (00000189D4042548)
[LOG] SoundI::release                          :  (00000189C88B1358)
[LOG] SoundI::release                          :     Pasos_1 (00000189D3F23478)
[LOG] SoundI::release                          :  (00000189C88B17A8)
[LOG] SoundI::release                          :     Pasos_4 (00000189D2917F48)
[LOG] SoundI::release                          :  (00000189C88AE558)
[LOG] SoundI::release                          :     Pasos_5 (00000189D2918768)
[LOG] SoundI::release                          :  (00000189C88AEDF8)
[LOG] SoundI::release                          :     Pasos_6 (0000018AB541A638)
[LOG] SoundI::release                          :  (00000189C88AF0D8)
[LOG] SoundI::release                          :     Pasos_14 (00000189D3F23E38)
[LOG] SoundI::release                          :  (00000189C88B00A8)
[LOG] SoundI::release                          :     Pasos_15 (00000189D29192C8)
[LOG] SoundI::release                          :  (00000189C88AE3E8)
[LOG] SoundI::release                          :     Pasos_16 (00000189D2918AA8)
[LOG] SoundI::release                          :  (00000189C88AEF68)
[LOG] SoundI::release                          :     Pasos_17 (00000189D3F25018)
[LOG] SoundI::release                          :  (00000189C88B0C28)
[LOG] SoundI::release                          :     Pasos_18 (00000189D2919468)
[LOG] SoundI::release                          :  (00000189C88B1638)
[LOG] SoundI::release                          :     Pasos_19 (00000189D2917C08)
[LOG] SoundI::release                          :  (00000189C88AFAE8)
[LOG] SoundI::release                          :     Pasos_20 (00000189D3F23958)
[LOG] SoundI::release                          :  (00000189C88AF808)
[LOG] SoundI::release                          :     Pasos_21 (00000189D2918DE8)
[LOG] SoundI::release                          :  (00000189C88B14C8)
[LOG] SoundI::release                          :     PPedra1 (00000189D3F24998)
[LOG] SoundI::release                          :  (00000189C88B0AB8)
[LOG] SoundI::release                          :     PPedra2 (00000189D2918428)
[LOG] SoundI::release                          :  (00000189C88B11E8)
[LOG] SoundI::release                          :     PPedra3 (00000189D3F244B8)
[LOG] SoundI::release                          :  (00000189C88AF978)
[LOG] SoundI::release                          :     PPedra4 (00000189D29185C8)
[LOG] SoundI::release                          :  (00000189C88AE278)
[LOG] SoundI::release                          :     PPedra5 (00000189D3F23618)
[LOG] SoundI::release                          :  (00000189C88B0388)
[LOG] SoundI::release                          :     WaterFootsteps1 (00000189D3F24B38)
[LOG] SoundI::release                          :  (00000189C88B0668)
[LOG] SoundI::release                          :     WaterFootsteps2 (00000189D3F24CD8)
[LOG] SoundI::release                          :  (00000189C88AFDC8)
[LOG] SoundI::release                          :     WaterFootsteps3 (00000189D2918C48)
[LOG] SoundI::release                          :  (00000189C88AF248)
[LOG] SoundI::release                          :     WaterFootsteps4 (00000189D4043C08)
[LOG] Manager::readBank                        : fileversion = 142, compatVersion = 140 (oldest = 44, newest = 142)
[LOG] Manager::readBank                        : fileversion = 142, compatVersion = 140 (oldest = 44, newest = 142)
[LOG] Manager::readBank                        : fileversion = 142, compatVersion = 140 (oldest = 44, newest = 142)
[LOG] PlaybackSystem::acquireMasterBus         : Setting master channel group format to 6
[LOG] Manager::readBank                        : fileversion = 142, compatVersion = 140 (oldest = 44, newest = 142)
[LOG] Thread::callback                         : FMOD Studio bank load thread finished.
[LOG] Thread::callback                         : FMOD Studio sample load thread finished.
[LOG] LiveUpdate::release                      : 
[LOG] LiveUpdate::reset                        : Reset connection (reason Disconnected)
[LOG] Thread::callback                         : FMOD stream thread finished.
[LOG] Thread::callback                         : FMOD mixer thread finished.
[LOG] SystemI::close                           : Closed.
[LOG] Thread::callback                         : FMOD nonblocking thread (0) finished.
[LOG] Thread::callback                         : FMOD file thread finished.
